  [1m[36m (10.7ms)[0m  [1mCREATE TABLE "schema_migrations" ("version" varchar NOT NULL) [0m
  [1m[35m (0.1ms)[0m  select sqlite_version(*)
  [1m[36m (11.5ms)[0m  [1mCREATE UNIQUE INDEX "unique_schema_migrations" ON "schema_migrations" ("version")[0m
  [1m[35mActiveRecord::SchemaMigration Load (0.1ms)[0m  SELECT "schema_migrations".* FROM "schema_migrations"
Migrating to CreateActionIdeaComments (20170305185605)
  [1m[36m (0.0ms)[0m  [1mbegin transaction[0m
  [1m[35m (0.2ms)[0m  CREATE TABLE "action_idea_comments" ("id" INTEGER PRIMARY KEY AUTOINCREMENT NOT NULL, "action_idea_id" integer, "user_id" integer, "date_created" date, "text" varchar, "created_at" datetime NOT NULL, "updated_at" datetime NOT NULL) 
  [1m[36mSQL (0.1ms)[0m  [1mINSERT INTO "schema_migrations" ("version") VALUES (?)[0m  [["version", "20170305185605"]]
  [1m[35m (10.5ms)[0m  commit transaction
Migrating to CreateUsers (20170305185636)
  [1m[36m (0.0ms)[0m  [1mbegin transaction[0m
  [1m[35m (0.2ms)[0m  CREATE TABLE "users" ("id" INTEGER PRIMARY KEY AUTOINCREMENT NOT NULL, "username" varchar, "password" varchar, "location" varchar, "email" varchar, "date_created" date, "role" integer, "created_at" datetime NOT NULL, "updated_at" datetime NOT NULL) 
  [1m[36mSQL (0.1ms)[0m  [1mINSERT INTO "schema_migrations" ("version") VALUES (?)[0m  [["version", "20170305185636"]]
  [1m[35m (12.5ms)[0m  commit transaction
Migrating to CreateActionIdeaVotes (20170305185744)
  [1m[36m (0.1ms)[0m  [1mbegin transaction[0m
  [1m[35m (0.2ms)[0m  CREATE TABLE "action_idea_votes" ("id" INTEGER PRIMARY KEY AUTOINCREMENT NOT NULL, "action_idea_id" integer, "user_id" integer, "created_at" datetime NOT NULL, "updated_at" datetime NOT NULL) 
  [1m[36mSQL (0.1ms)[0m  [1mINSERT INTO "schema_migrations" ("version") VALUES (?)[0m  [["version", "20170305185744"]]
  [1m[35m (11.8ms)[0m  commit transaction
Migrating to CreateActionIdeas (20170305185826)
  [1m[36m (0.1ms)[0m  [1mbegin transaction[0m
  [1m[35m (0.6ms)[0m  CREATE TABLE "action_ideas" ("id" INTEGER PRIMARY KEY AUTOINCREMENT NOT NULL, "creator" integer, "name" varchar, "description" varchar, "references" varchar, "category" varchar, "date_created" date, "active" boolean, "tags" varchar, "created_at" datetime NOT NULL, "updated_at" datetime NOT NULL) 
  [1m[36mSQL (0.3ms)[0m  [1mINSERT INTO "schema_migrations" ("version") VALUES (?)[0m  [["version", "20170305185826"]]
  [1m[35m (7.5ms)[0m  commit transaction
Migrating to CreateActionIdeaInactives (20170305185837)
  [1m[36m (0.1ms)[0m  [1mbegin transaction[0m
  [1m[35m (0.7ms)[0m  CREATE TABLE "action_idea_inactives" ("id" INTEGER PRIMARY KEY AUTOINCREMENT NOT NULL, "action_idea_id" varchar, "integer" varchar, "reason" varchar, "user_id" integer, "date_created" date, "created_at" datetime NOT NULL, "updated_at" datetime NOT NULL) 
  [1m[36mSQL (0.3ms)[0m  [1mINSERT INTO "schema_migrations" ("version") VALUES (?)[0m  [["version", "20170305185837"]]
  [1m[35m (11.6ms)[0m  commit transaction
Migrating to CreateModels (20170305185909)
  [1m[36m (0.1ms)[0m  [1mbegin transaction[0m
  [1m[35m (0.3ms)[0m  CREATE TABLE "models" ("id" INTEGER PRIMARY KEY AUTOINCREMENT NOT NULL, "user_id" integer, "action_idea_id" integer, "date_created" date, "category" integer, "description" varchar, "anchor" varchar, "equation" varchar, "assumptions" varchar, "created_at" datetime NOT NULL, "updated_at" datetime NOT NULL) 
  [1m[36mSQL (0.1ms)[0m  [1mINSERT INTO "schema_migrations" ("version") VALUES (?)[0m  [["version", "20170305185909"]]
  [1m[35m (9.6ms)[0m  commit transaction
Migrating to CreateClaims (20170305185918)
  [1m[36m (0.1ms)[0m  [1mbegin transaction[0m
  [1m[35m (0.2ms)[0m  CREATE TABLE "claims" ("id" INTEGER PRIMARY KEY AUTOINCREMENT NOT NULL, "model_id" integer, "description" varchar, "created_at" datetime NOT NULL, "updated_at" datetime NOT NULL) 
  [1m[36mSQL (0.1ms)[0m  [1mINSERT INTO "schema_migrations" ("version") VALUES (?)[0m  [["version", "20170305185918"]]
  [1m[35m (7.1ms)[0m  commit transaction
Migrating to CreateSources (20170305185926)
  [1m[36m (0.1ms)[0m  [1mbegin transaction[0m
  [1m[35m (0.2ms)[0m  CREATE TABLE "sources" ("id" INTEGER PRIMARY KEY AUTOINCREMENT NOT NULL, "claim_id" integer, "link" varchar, "created_at" datetime NOT NULL, "updated_at" datetime NOT NULL) 
  [1m[36mSQL (0.1ms)[0m  [1mINSERT INTO "schema_migrations" ("version") VALUES (?)[0m  [["version", "20170305185926"]]
  [1m[35m (7.3ms)[0m  commit transaction
Migrating to CreateInputs (20170305185934)
  [1m[36m (0.1ms)[0m  [1mbegin transaction[0m
  [1m[35m (0.2ms)[0m  CREATE TABLE "inputs" ("id" INTEGER PRIMARY KEY AUTOINCREMENT NOT NULL, "name" varchar, "category" varchar, "example" varchar, "created_at" datetime NOT NULL, "updated_at" datetime NOT NULL) 
  [1m[36mSQL (0.1ms)[0m  [1mINSERT INTO "schema_migrations" ("version") VALUES (?)[0m  [["version", "20170305185934"]]
  [1m[35m (11.5ms)[0m  commit transaction
Migrating to CreateModelInputs (20170305185939)
  [1m[36m (0.0ms)[0m  [1mbegin transaction[0m
  [1m[35m (0.3ms)[0m  CREATE TABLE "model_inputs" ("id" INTEGER PRIMARY KEY AUTOINCREMENT NOT NULL, "model_id" integer, "input_id" integer, "source_id" integer, "units" varchar, "created_at" datetime NOT NULL, "updated_at" datetime NOT NULL) 
  [1m[36mSQL (0.1ms)[0m  [1mINSERT INTO "schema_migrations" ("version") VALUES (?)[0m  [["version", "20170305185939"]]
  [1m[35m (12.3ms)[0m  commit transaction
Migrating to CreateModelComments (20170305185944)
  [1m[36m (0.2ms)[0m  [1mbegin transaction[0m
  [1m[35m (0.7ms)[0m  CREATE TABLE "model_comments" ("id" INTEGER PRIMARY KEY AUTOINCREMENT NOT NULL, "model_id" integer, "user_id" integer, "date_created" date, "text" varchar, "created_at" datetime NOT NULL, "updated_at" datetime NOT NULL) 
  [1m[36mSQL (0.3ms)[0m  [1mINSERT INTO "schema_migrations" ("version") VALUES (?)[0m  [["version", "20170305185944"]]
  [1m[35m (7.4ms)[0m  commit transaction
Migrating to CreateModelVotes (20170305185949)
  [1m[36m (0.1ms)[0m  [1mbegin transaction[0m
  [1m[35m (0.6ms)[0m  CREATE TABLE "model_votes" ("id" INTEGER PRIMARY KEY AUTOINCREMENT NOT NULL, "model_id" integer, "user_id" integer, "created_at" datetime NOT NULL, "updated_at" datetime NOT NULL) 
  [1m[36mSQL (0.3ms)[0m  [1mINSERT INTO "schema_migrations" ("version") VALUES (?)[0m  [["version", "20170305185949"]]
  [1m[35m (9.4ms)[0m  commit transaction
Migrating to CreateModelInactives (20170305185954)
  [1m[36m (0.2ms)[0m  [1mbegin transaction[0m
  [1m[35m (0.6ms)[0m  CREATE TABLE "model_inactives" ("id" INTEGER PRIMARY KEY AUTOINCREMENT NOT NULL, "model_id" integer, "reason" varchar, "user_id" integer, "date_created" date, "created_at" datetime NOT NULL, "updated_at" datetime NOT NULL) 
  [1m[36mSQL (0.3ms)[0m  [1mINSERT INTO "schema_migrations" ("version") VALUES (?)[0m  [["version", "20170305185954"]]
  [1m[35m (8.4ms)[0m  commit transaction
  [1m[36mActiveRecord::SchemaMigration Load (0.1ms)[0m  [1mSELECT "schema_migrations".* FROM "schema_migrations"[0m
